  Main.cpp
c:\users\alex\source\repos\sf\sf\movsprite.cpp(34): warning C4244: =: преобразование "T" в "T", возможна потеря данных
          with
          [
              T=int
          ]
          and
          [
              T=float
          ]
c:\users\alex\source\repos\sf\sf\movsprite.cpp(35): warning C4244: =: преобразование "T" в "T", возможна потеря данных
          with
          [
              T=int
          ]
          and
          [
              T=float
          ]
c:\users\alex\source\repos\sf\sf\movsprite.cpp(39): warning C4244: аргумент: преобразование "T" в "unsigned int", возможна потеря данных
          with
          [
              T=float
          ]
c:\users\alex\source\repos\sf\sf\movsprite.cpp(66): warning C4244: =: преобразование "T" в "T", возможна потеря данных
          with
          [
              T=int
          ]
          and
          [
              T=float
          ]
c:\users\alex\source\repos\sf\sf\movsprite.cpp(67): warning C4244: =: преобразование "T" в "T", возможна потеря данных
          with
          [
              T=int
          ]
          and
          [
              T=float
          ]
c:\users\alex\source\repos\sf\sf\movsprite.cpp(71): warning C4244: аргумент: преобразование "T" в "unsigned int", возможна потеря данных
          with
          [
              T=float
          ]
c:\users\alex\source\repos\sf\sf\movsprite.cpp(101): warning C4244: аргумент: преобразование "double" в "float", возможна потеря данных
c:\users\alex\source\repos\sf\sf\movsprite.cpp(108): warning C4244: аргумент: преобразование "double" в "float", возможна потеря данных
c:\users\alex\source\repos\sf\sf\movsprite.cpp(139): warning C4244: аргумент: преобразование "double" в "float", возможна потеря данных
c:\users\alex\source\repos\sf\sf\slider.cpp(12): warning C4244: аргумент: преобразование "double" в "unsigned int", возможна потеря данных
c:\users\alex\source\repos\sf\sf\slider.cpp(21): warning C4244: аргумент: преобразование "double" в "float", возможна потеря данных
c:\users\alex\source\repos\sf\sf\slider.cpp(47): warning C4244: аргумент: преобразование "double" в "float", возможна потеря данных
c:\users\alex\source\repos\sf\sf\slider.cpp(47): warning C4244: аргумент: преобразование "T" в "float", возможна потеря данных
          with
          [
              T=int
          ]
c:\users\alex\source\repos\sf\sf\slider.cpp(51): warning C4244: аргумент: преобразование "double" в "float", возможна потеря данных
c:\users\alex\source\repos\sf\sf\velocitybar.cpp(13): warning C4244: аргумент: преобразование "double" в "unsigned int", возможна потеря данных
c:\users\alex\source\repos\sf\sf\velocitybar.cpp(15): warning C4244: аргумент: преобразование "double" в "float", возможна потеря данных
c:\users\alex\source\repos\sf\sf\velocitybar.cpp(28): warning C4244: аргумент: преобразование "double" в "unsigned int", возможна потеря данных
c:\users\alex\source\repos\sf\sf\velocitybar.cpp(30): warning C4244: аргумент: преобразование "double" в "float", возможна потеря данных
c:\users\alex\source\repos\sf\sf\velocitybar.cpp(43): warning C4244: аргумент: преобразование "double" в "unsigned int", возможна потеря данных
c:\users\alex\source\repos\sf\sf\velocitybar.cpp(45): warning C4244: аргумент: преобразование "double" в "float", возможна потеря данных
c:\users\alex\source\repos\sf\sf\velocitybar.cpp(58): warning C4244: аргумент: преобразование "double" в "float", возможна потеря данных
c:\users\alex\source\repos\sf\sf\velocitybar.cpp(59): warning C4244: аргумент: преобразование "double" в "float", возможна потеря данных
c:\users\alex\source\repos\sf\sf\velocitybar.cpp(60): warning C4244: аргумент: преобразование "double" в "float", возможна потеря данных
c:\users\alex\source\repos\sf\sf\velocitybar.cpp(61): warning C4244: аргумент: преобразование "double" в "float", возможна потеря данных
c:\users\alex\source\repos\sf\sf\velocitybar.cpp(65): warning C4244: аргумент: преобразование "double" в "T", возможна потеря данных
          with
          [
              T=int
          ]
c:\users\alex\source\repos\sf\sf\velocitybar.cpp(112): warning C4244: аргумент: преобразование "double" в "float", возможна потеря данных
c:\users\alex\source\repos\sf\sf\gameobject.cpp(41): warning C4305: аргумент: усечение из "double" в "float"
c:\users\alex\source\repos\sf\sf\gameobject.cpp(46): warning C4244: аргумент: преобразование "double" в "float", возможна потеря данных
c:\users\alex\source\repos\sf\sf\gameobject.cpp(64): warning C4244: аргумент: преобразование "double" в "float", возможна потеря данных
c:\users\alex\source\repos\sf\sf\gameobject.cpp(66): warning C4244: аргумент: преобразование "double" в "float", возможна потеря данных
c:\users\alex\source\repos\sf\sf\gameobject.cpp(83): warning C4244: аргумент: преобразование "double" в "float", возможна потеря данных
c:\users\alex\source\repos\sf\sf\gameobject.cpp(84): warning C4244: аргумент: преобразование "double" в "const long", возможна потеря данных
c:\users\alex\source\repos\sf\sf\gameobject.cpp(89): warning C4244: аргумент: преобразование "double" в "float", возможна потеря данных
c:\users\alex\source\repos\sf\sf\gameobject.cpp(90): warning C4244: аргумент: преобразование "double" в "const long", возможна потеря данных
c:\users\alex\source\repos\sf\sf\gameobject.cpp(95): warning C4244: аргумент: преобразование "double" в "float", возможна потеря данных
c:\users\alex\source\repos\sf\sf\gameobject.cpp(96): warning C4244: аргумент: преобразование "double" в "const long", возможна потеря данных
c:\users\alex\source\repos\sf\sf\gameobject.cpp(108): warning C4244: аргумент: преобразование "double" в "float", возможна потеря данных
c:\users\alex\source\repos\sf\sf\gameobject.cpp(109): warning C4244: аргумент: преобразование "double" в "const long", возможна потеря данных
c:\users\alex\source\repos\sf\sf\gameobject.cpp(114): warning C4244: аргумент: преобразование "double" в "float", возможна потеря данных
c:\users\alex\source\repos\sf\sf\gameobject.cpp(115): warning C4244: аргумент: преобразование "double" в "const long", возможна потеря данных
c:\users\alex\source\repos\sf\sf\gameobject.cpp(120): warning C4244: аргумент: преобразование "double" в "float", возможна потеря данных
c:\users\alex\source\repos\sf\sf\gameobject.cpp(121): warning C4244: аргумент: преобразование "double" в "const long", возможна потеря данных
c:\users\alex\source\repos\sf\sf\gameprep.cpp(10): warning C4244: аргумент: преобразование "double" в "float", возможна потеря данных
c:\users\alex\source\repos\sf\sf\menu.cpp(13): warning C4244: аргумент: преобразование "T" в "float", возможна потеря данных
          with
          [
              T=unsigned int
          ]
c:\users\alex\source\repos\sf\sf\menu.cpp(19): warning C4244: аргумент: преобразование "T" в "T", возможна потеря данных
          with
          [
              T=unsigned int
          ]
          and
          [
              T=float
          ]
c:\users\alex\source\repos\sf\sf\menu.cpp(20): warning C4244: аргумент: преобразование "T" в "T", возможна потеря данных
          with
          [
              T=unsigned int
          ]
          and
          [
              T=float
          ]
c:\users\alex\source\repos\sf\sf\menu.cpp(21): warning C4244: аргумент: преобразование "T" в "T", возможна потеря данных
          with
          [
              T=unsigned int
          ]
          and
          [
              T=float
          ]
  Создание кода
  17 of 352 functions ( 4.8%) were compiled, the rest were copied from previous compilation.
    0 functions were new in current compilation
    7 functions had inline decision re-evaluated but remain unchanged
  Создание кода завершено
  sf.vcxproj -> C:\Users\Alex\source\repos\sf\x64\Release\sf.exe
